#
# There is insufficient memory for the Java Runtime Environment to continue.
# Native memory allocation (malloc) failed to allocate 9560 bytes for AllocateHeap
# Possible reasons:
#   The system is out of physical RAM or swap space
#   In 32 bit mode, the process size limit was hit
# Possible solutions:
#   Reduce memory load on the system
#   Increase physical memory or swap space
#   Check if swap backing store is full
#   Use 64 bit Java on a 64 bit OS
#   Decrease Java heap size (-Xmx/-Xms)
#   Decrease number of Java threads
#   Decrease Java thread stack sizes (-Xss)
#   Set larger code cache with -XX:ReservedCodeCacheSize=
# This output file may be truncated or incomplete.
#
#  Out of Memory Error (memory/allocation.inline.hpp:61), pid=25920, tid=0x0000000000008bc4
#
# JRE version: Java(TM) SE Runtime Environment (8.0_151-b12) (build 1.8.0_151-b12)
# Java VM: Java HotSpot(TM) 64-Bit Server VM (25.151-b12 mixed mode windows-amd64 compressed oops)
# Failed to write core dump. Minidumps are not enabled by default on client versions of Windows
#

---------------  T H R E A D  ---------------

Current thread (0x000000001c33d000):  JavaThread "C1 CompilerThread2" daemon [_thread_in_vm, id=35780, stack(0x000000001dbb0000,0x000000001dcb0000)]

Stack: [0x000000001dbb0000,0x000000001dcb0000]
[error occurred during error reporting (printing stack bounds), id 0xc0000005]

Native frames: (J=compiled Java code, j=interpreted, Vv=VM code, C=native code)


Current CompileTask:
C1:    205  108       3       sun.nio.cs.UTF_8$Decoder::decode (779 bytes)


---------------  P R O C E S S  ---------------

Java Threads: ( => current thread )
  0x000000001dcd8800 JavaThread "Service Thread" daemon [_thread_blocked, id=49348, stack(0x000000001e0b0000,0x000000001e1b0000)]
=>0x000000001c33d000 JavaThread "C1 CompilerThread2" daemon [_thread_in_vm, id=35780, stack(0x000000001dbb0000,0x000000001dcb0000)]
  0x000000001c336800 JavaThread "C2 CompilerThread1" daemon [_thread_blocked, id=36840, stack(0x000000001dab0000,0x000000001dbb0000)]
  0x000000001c332800 JavaThread "C2 CompilerThread0" daemon [_thread_blocked, id=50296, stack(0x000000001d9b0000,0x000000001dab0000)]
  0x000000001c32f800 JavaThread "Attach Listener" daemon [_thread_blocked, id=49140, stack(0x000000001d8b0000,0x000000001d9b0000)]
  0x000000001c32e000 JavaThread "Signal Dispatcher" daemon [_thread_blocked, id=25656, stack(0x000000001d7b0000,0x000000001d8b0000)]
  0x00000000031ad000 JavaThread "Finalizer" daemon [_thread_blocked, id=23964, stack(0x000000001d590000,0x000000001d690000)]
  0x00000000031a2000 JavaThread "Reference Handler" daemon [_thread_blocked, id=29340, stack(0x000000001d490000,0x000000001d590000)]
  0x00000000030b2800 JavaThread "main" [_thread_blocked, id=46976, stack(0x0000000002fb0000,0x00000000030b0000)]

Other Threads:
  0x000000001c2f7000 VMThread [stack: 0x000000001d390000,0x000000001d490000] [id=47780]
  0x000000001dcfa800 WatcherThread [stack: 0x000000001e1b0000,0x000000001e2b0000] [id=24164]

VM state:not at safepoint (normal execution)

VM Mutex/Monitor currently owned by a thread:  ([mutex/lock_event])
[0x0000000002faa2b0] CodeCache_lock - owner thread: 0x000000001c33d000
[0x00000000030b1450] Compile_lock - owner thread: 0x000000001c33d000
[0x00000000030b1ed0] MethodCompileQueue_lock - owner thread: 0x000000001c33d000

Heap:
 PSYoungGen      total 74240K, used 3840K [0x000000076db80000, 0x0000000772e00000, 0x00000007c0000000)
  eden space 64000K, 6% used [0x000000076db80000,0x000000076df400a8,0x0000000771a00000)
  from space 10240K, 0% used [0x0000000772400000,0x0000000772400000,0x0000000772e00000)
  to   space 10240K, 0% used [0x0000000771a00000,0x0000000771a00000,0x0000000772400000)
 ParOldGen       total 169472K, used 0K [0x00000006c9200000, 0x00000006d3780000, 0x000000076db80000)
  object space 169472K, 0% used [0x00000006c9200000,0x00000006c9200000,0x00000006d3780000)
 Metaspace       used 3325K, capacity 4748K, committed 4864K, reserved 1056768K
  class space    used 377K, capacity 428K, committed 512K, reserved 1048576K

Card table byte_map: [0x0000000012570000,0x0000000012d30000] byte_map_base: 0x000000000ef27000

Marking Bits: (ParMarkBitMap*) 0x000000005250d850
 Begin Bits: [0x0000000013660000, 0x0000000017418000)
 End Bits:   [0x0000000017418000, 0x000000001b1d0000)

Polling page: 0x0000000000de0000

CodeCache: size=245760Kb used=1306Kb max_used=1306Kb free=244453Kb
 bounds [0x00000000031b0000, 0x0000000003420000, 0x00000000121b0000]
 total_blobs=349 nmethods=108 adapters=153
 compilation: enabled

Compilation events (10 events):
Event: 0.161 Thread 0x000000001c33d000  103       3       java.util.HashMap::put (13 bytes)
Event: 0.161 Thread 0x000000001c33d000 nmethod 103 0x00000000032e9b90 code [0x00000000032e9d20, 0x00000000032ea0d8]
Event: 0.161 Thread 0x000000001c33d000  106       3       sun.misc.JarIndex::addToList (59 bytes)
Event: 0.161 Thread 0x000000001c33d000 nmethod 106 0x00000000032e8bd0 code [0x00000000032e8de0, 0x00000000032e9748]
Event: 0.164 Thread 0x000000001c33d000  107       3       java.nio.charset.CharsetEncoder::maxBytesPerChar (5 bytes)
Event: 0.164 Thread 0x000000001c33d000 nmethod 107 0x00000000032e2d90 code [0x00000000032e2ee0, 0x00000000032e3030]
Event: 0.164 Thread 0x000000001c33d000  108       3       sun.nio.cs.UTF_8$Decoder::decode (779 bytes)
Event: 0.165 Thread 0x000000001c336800  111       4       java.lang.CharacterData::of (120 bytes)
Event: 0.165 Thread 0x000000001c332800 nmethod 105 0x00000000032f1510 code [0x00000000032f1660, 0x00000000032f18d8]
Event: 0.165 Thread 0x000000001c336800 nmethod 111 0x00000000032e2b10 code [0x00000000032e2c40, 0x00000000032e2cb8]

GC Heap History (0 events):
No events

Deoptimization events (0 events):
No events

Internal exceptions (2 events):
Event: 0.037 Thread 0x00000000030b2800 Exception <a 'java/lang/NoSuchMethodError': Method sun.misc.Unsafe.defineClass(Ljava/lang/String;[BII)Ljava/lang/Class; name or signature does not match> (0x000000076db87ca8) thrown at [C:\re\workspace\8-2-build-windows-amd64-cygwin\jdk8u151\9699\hotspot\
Event: 0.037 Thread 0x00000000030b2800 Exception <a 'java/lang/NoSuchMethodError': Method sun.misc.Unsafe.prefetchRead(Ljava/lang/Object;J)V name or signature does not match> (0x000000076db87f90) thrown at [C:\re\workspace\8-2-build-windows-amd64-cygwin\jdk8u151\9699\hotspot\src\share\vm\prims

Events (10 events):
Event: 0.167 loading class org/apache/maven/surefire/junit/JUnitTestSet
Event: 0.167 loading class org/apache/maven/surefire/junit/JUnitTestSet done
Event: 0.167 loading class org/apache/maven/surefire/junit/SurefireTestSet
Event: 0.167 loading class org/apache/maven/surefire/junit/SurefireTestSet done
Event: 0.168 loading class org/apache/maven/surefire/junit/PojoTestSet
Event: 0.168 loading class org/apache/maven/surefire/junit/PojoTestSet done
Event: 0.169 loading class org/apache/maven/surefire/util/ScannerFilter
Event: 0.169 loading class org/apache/maven/surefire/util/ScannerFilter done
Event: 0.169 loading class org/apache/maven/surefire/report/ReportEntry
Event: 0.169 loading class org/apache/maven/surefire/report/ReportEntry done


Dynamic libraries:
0x00007ff628dd0000 - 0x00007ff628e07000 	C:\Program Files\Java\jdk1.8.0_151\jre\bin\java.exe
0x00007ffd0b170000 - 0x00007ffd0b365000 	C:\WINDOWS\SYSTEM32\ntdll.dll
0x00007ffd0a630000 - 0x00007ffd0a6ed000 	C:\WINDOWS\System32\KERNEL32.DLL
0x00007ffd08c20000 - 0x00007ffd08ee9000 	C:\WINDOWS\System32\KERNELBASE.dll
0x00007ffd091d0000 - 0x00007ffd0927c000 	C:\WINDOWS\System32\ADVAPI32.dll
0x00007ffd0a590000 - 0x00007ffd0a62e000 	C:\WINDOWS\System32\msvcrt.dll
0x00007ffd0a340000 - 0x00007ffd0a3dc000 	C:\WINDOWS\System32\sechost.dll
0x00007ffd0a030000 - 0x00007ffd0a15b000 	C:\WINDOWS\System32\RPCRT4.dll
0x00007ffd0ab90000 - 0x00007ffd0ad30000 	C:\WINDOWS\System32\USER32.dll
0x00007ffd090a0000 - 0x00007ffd090c2000 	C:\WINDOWS\System32\win32u.dll
0x00007ffd0aae0000 - 0x00007ffd0ab0a000 	C:\WINDOWS\System32\GDI32.dll
0x00007ffd08b10000 - 0x00007ffd08c1b000 	C:\WINDOWS\System32\gdi32full.dll
0x00007ffd08a10000 - 0x00007ffd08aad000 	C:\WINDOWS\System32\msvcp_win.dll
0x00007ffd090d0000 - 0x00007ffd091d0000 	C:\WINDOWS\System32\ucrtbase.dll
0x00007ffcf4750000 - 0x00007ffcf49ea000 	C:\WINDOWS\WinSxS\amd64_microsoft.windows.common-controls_6595b64144ccf1df_6.0.19041.844_none_ca00b6081b84eb1d\COMCTL32.dll
0x00007ffd0afc0000 - 0x00007ffd0aff0000 	C:\WINDOWS\System32\IMM32.DLL
0x00007ffd02b40000 - 0x00007ffd02be4000 	C:\Program Files\McAfee\Endpoint Security\Threat Prevention\Ips\EpMPApi.dll
0x00007ffd08ab0000 - 0x00007ffd08b10000 	C:\WINDOWS\System32\WINTRUST.dll
0x00007ffd08ef0000 - 0x00007ffd0904f000 	C:\WINDOWS\System32\CRYPT32.dll
0x00007ffd084a0000 - 0x00007ffd084b2000 	C:\WINDOWS\SYSTEM32\MSASN1.dll
0x0000000053180000 - 0x000000005318c000 	C:\Program Files\McAfee\Endpoint Security\Threat Prevention\Ips\EpMPThe.dll
0x00007ffce1090000 - 0x00007ffce10e8000 	C:\Program Files\McAfee\Endpoint Security\Threat Prevention\Ips\HIPHandlers64.dll
0x00007ffd0a3e0000 - 0x00007ffd0a435000 	C:\WINDOWS\System32\SHLWAPI.dll
0x00007ffcf0e50000 - 0x00007ffcf1034000 	C:\WINDOWS\SYSTEM32\dbghelp.dll
0x0000000052a00000 - 0x0000000052ad2000 	C:\Program Files\Java\jdk1.8.0_151\jre\bin\msvcr100.dll
0x0000000051cf0000 - 0x000000005258d000 	C:\Program Files\Java\jdk1.8.0_151\jre\bin\server\jvm.dll
0x00007ffd0b120000 - 0x00007ffd0b128000 	C:\WINDOWS\System32\PSAPI.DLL
0x00007ffcffd10000 - 0x00007ffcffd1a000 	C:\WINDOWS\SYSTEM32\VERSION.dll
0x00007ffcf4070000 - 0x00007ffcf4097000 	C:\WINDOWS\SYSTEM32\WINMM.dll
0x00007ffce8a10000 - 0x00007ffce8a19000 	C:\WINDOWS\SYSTEM32\WSOCK32.dll
0x00007ffd0a440000 - 0x00007ffd0a4ab000 	C:\WINDOWS\System32\WS2_32.dll
0x0000000052980000 - 0x000000005298f000 	C:\Program Files\Java\jdk1.8.0_151\jre\bin\verify.dll
0x0000000052950000 - 0x0000000052979000 	C:\Program Files\Java\jdk1.8.0_151\jre\bin\java.dll
0x0000000052930000 - 0x0000000052946000 	C:\Program Files\Java\jdk1.8.0_151\jre\bin\zip.dll
0x00007ffd09280000 - 0x00007ffd099c2000 	C:\WINDOWS\System32\SHELL32.dll
0x00007ffd05fd0000 - 0x00007ffd06760000 	C:\WINDOWS\SYSTEM32\windows.storage.dll
0x00007ffd0a780000 - 0x00007ffd0aad5000 	C:\WINDOWS\System32\combase.dll
0x00007ffd08320000 - 0x00007ffd0834c000 	C:\WINDOWS\SYSTEM32\Wldp.dll
0x00007ffd09b00000 - 0x00007ffd09bae000 	C:\WINDOWS\System32\SHCORE.dll
0x00007ffd087f0000 - 0x00007ffd0880f000 	C:\WINDOWS\SYSTEM32\profapi.dll

VM Arguments:
java_command: C:\Users\kevrodriguez\Documents\NetBeansProjects\ComprasWS\ComprasWS-web\target\surefire\surefirebooter8499231155936517120.jar C:\Users\kevrodriguez\Documents\NetBeansProjects\ComprasWS\ComprasWS-web\target\surefire\surefire2717544730719044615tmp C:\Users\kevrodriguez\Documents\NetBeansProjects\ComprasWS\ComprasWS-web\target\surefire\surefire1581882969732679855tmp
java_class_path (initial): C:\Users\kevrodriguez\Documents\NetBeansProjects\ComprasWS\ComprasWS-web\target\surefire\surefirebooter8499231155936517120.jar
Launcher Type: SUN_STANDARD

Environment Variables:
JAVA_HOME=C:\Program Files\Java\jdk1.8.0_151
JRE_HOME=C:\Program Files\Java\jre1.8.0_231
CLASSPATH=C:\Program Files\IBM\MQ\java\lib\com.ibm.mqjms.jar;C:\Program Files\IBM\MQ\java\lib\com.ibm.mq.jar;C:\Config_Servlet\JDK\lib;
USERNAME=kevrodriguez
OS=Windows_NT
PROCESSOR_IDENTIFIER=Intel64 Family 6 Model 78 Stepping 3, GenuineIntel



---------------  S Y S T E M  ---------------

OS: Windows 10.0 , 64 bit Build 19041 (10.0.19041.804)

CPU:total 4 (initial active 4) (2 cores per cpu, 2 threads per core) family 6 model 78 stepping 3, cmov, cx8, fxsr, mmx, sse, sse2, sse3, ssse3, sse4.1, sse4.2, popcnt, avx, avx2, aes, clmul, erms, 3dnowpref, lzcnt, ht, tsc, tscinvbit, bmi1, bmi2, adx

Memory: 4k page, physical 16178900k(5324568k free), swap 18276052k(5116k free)

vm_info: Java HotSpot(TM) 64-Bit Server VM (25.151-b12) for windows-amd64 JRE (1.8.0_151-b12), built on Sep  5 2017 19:33:46 by "java_re" with MS VC++ 10.0 (VS2010)

time: Sun Apr 11 17:58:03 2021
elapsed time: 0 seconds (0d 0h 0m 0s)

